Handling lib "ca-bundle"...
Handling lib "rpc-uart"...
Handling lib "mcp23xxx".Success, built i2c/esp8266 version 1.0 (20190614-194448).
Firmware saved to C:\mos\i2c\build\fw.zip
ib "core"...
Handling lib "rpc-service-fs"...
rpc-uart: Checking out 2.14.0...
ca-bundle: Checking out 2.14.0...
mcp23xxx: Checking out 2.14.0...
rpc-service-fs: Checking out 2.14.0...
rpc-service-config: Checking out 2.14.0...
i2c: Checking out 2.14.0...
core: Checking out 2.14.0...
zz_boards: Checking out 2.14.0...
mcp23xxx: Done, hash a4bb225fe505ffeb5589c997b68742d03fb2a44f
rpc-service-fs: Done, hash 5f252c2fa5ba989c09f734a4c407bcfef3699e38
zz_boards: Done, hash 897a76f9b7306751dea4596f38df4486548ae2da
rpc-uart: Done, hash 4c68e5d7b3eecb19ccc6128f111a118384ed20b4
ca-bundle: Done, hash d5a470b260e3485660ffed6b5b1c7c961bd2b88c
core: Done, hash 90f56f1e361c7d25ef8c2e3b9a83ef0369760f2e
mcp23xxx: Hash unchanged at a4bb225fe505ffeb5589c997b68742d03fb2a44f (dir "/data/fwbuild-volumes/2.14.0/apps/i2c/esp8266/build_contexts/build_ctx_976188573/deps/mcp23xxx")
mcp23xxx: Prepared local dir: "/data/fwbuild-volumes/2.14.0/apps/i2c/esp8266/build_contexts/build_ctx_976188573/deps/mcp23xxx"
rpc-service-fs: Hash unchanged at 5f252c2fa5ba989c09f734a4c407bcfef3699e38 (dir "/data/fwbuild-volumes/2.14.0/apps/i2c/esp8266/build_contexts/build_ctx_976188573/deps/rpc-service-fs")
rpc-service-fs: Prepared local dir: "/data/fwbuild-volumes/2.14.0/apps/i2c/esp8266/build_contexts/build_ctx_976188573/deps/rpc-service-fs"
zz_boards: Hash unchanged at 897a76f9b7306751dea4596f38df4486548ae2da (dir "/data/fwbuild-volumes/2.14.0/apps/i2c/esp8266/build_contexts/build_ctx_976188573/deps/boards")
zz_boards: Prepared local dir: "/data/fwbuild-volumes/2.14.0/apps/i2c/esp8266/build_contexts/build_ctx_976188573/deps/boards"
rpc-uart: Hash unchanged at 4c68e5d7b3eecb19ccc6128f111a118384ed20b4 (dir "/data/fwbuild-volumes/2.14.0/apps/i2c/esp8266/build_contexts/build_ctx_976188573/deps/rpc-uart")
rpc-uart: Prepared local dir: "/data/fwbuild-volumes/2.14.0/apps/i2c/esp8266/build_contexts/build_ctx_976188573/deps/rpc-uart"
core: Hash unchanged at 90f56f1e361c7d25ef8c2e3b9a83ef0369760f2e (dir "/data/fwbuild-volumes/2.14.0/apps/i2c/esp8266/build_contexts/build_ctx_976188573/deps/core")
core: Prepared local dir: "/data/fwbuild-volumes/2.14.0/apps/i2c/esp8266/build_contexts/build_ctx_976188573/deps/core"
ca-bundle: Hash unchanged at d5a470b260e3485660ffed6b5b1c7c961bd2b88c (dir "/data/fwbuild-volumes/2.14.0/apps/i2c/esp8266/build_contexts/build_ctx_976188573/deps/ca-bundle")
ca-bundle: Prepared local dir: "/data/fwbuild-volumes/2.14.0/apps/i2c/esp8266/build_contexts/build_ctx_976188573/deps/ca-bundle"
i2c: Done, hash a020b0e8be3a2d89e5392e57874d9e650369b4c7
rpc-service-config: Done, hash b30e187977d8dafcb4297cff60e036855a7ff531
i2c: Hash unchanged at a020b0e8be3a2d89e5392e57874d9e650369b4c7 (dir "/data/fwbuild-volumes/2.14.0/apps/i2c/esp8266/build_contexts/build_ctx_976188573/deps/i2c")
i2c: Prepared local dir: "/data/fwbuild-volumes/2.14.0/apps/i2c/esp8266/build_contexts/build_ctx_976188573/deps/i2c"
rpc-service-config: Hash unchanged at b30e187977d8dafcb4297cff60e036855a7ff531 (dir "/data/fwbuild-volumes/2.14.0/apps/i2c/esp8266/build_contexts/build_ctx_976188573/deps/rpc-service-config")
rpc-service-config: Prepared local dir: "/data/fwbuild-volumes/2.14.0/apps/i2c/esp8266/build_contexts/build_ctx_976188573/deps/rpc-service-config"
Handling lib "rpc-common"...
rpc-common: Checking out 2.14.0...
rpc-common: Done, hash 144bb0c1913d115526016ded17e84036a44ea4ba
rpc-common: Hash unchanged at 144bb0c1913d115526016ded17e84036a44ea4ba (dir "/data/fwbuild-volumes/2.14.0/apps/i2c/esp8266/build_contexts/build_ctx_976188573/deps/rpc-common")
rpc-common: Prepared local dir: "/data/fwbuild-volumes/2.14.0/apps/i2c/esp8266/build_contexts/build_ctx_976188573/deps/rpc-common"
Handling lib "mongoose"...
mongoose: Checking out 2.14.0...
mongoose: Done, hash 5d2c8fd28e20d7041a1540c3022b721fdde97de4
mongoose: Hash unchanged at 5d2c8fd28e20d7041a1540c3022b721fdde97de4 (dir "/data/fwbuild-volumes/2.14.0/apps/i2c/esp8266/build_contexts/build_ctx_976188573/deps/mongoose")
mongoose: Prepared local dir: "/data/fwbuild-volumes/2.14.0/apps/i2c/esp8266/build_contexts/build_ctx_976188573/deps/mongoose"
Handling lib "mbedtls"...
Handling lib "vfs-common"...
vfs-common: Checking out 2.14.0...
mbedtls: Checking out 2.14.0...
vfs-common: Done, hash ae048a19d8f17f332d66fb42d1b072e8fde2b3fa
vfs-common: Hash unchanged at ae048a19d8f17f332d66fb42d1b072e8fde2b3fa (dir "/data/fwbuild-volumes/2.14.0/apps/i2c/esp8266/build_contexts/build_ctx_976188573/deps/vfs-common")
vfs-common: Prepared local dir: "/data/fwbuild-volumes/2.14.0/apps/i2c/esp8266/build_contexts/build_ctx_976188573/deps/vfs-common"
mbedtls: Done, hash a98f87ef6ef18777c95afb71b2884615d8971be6
mbedtls: Hash unchanged at a98f87ef6ef18777c95afb71b2884615d8971be6 (dir "/data/fwbuild-volumes/2.14.0/apps/i2c/esp8266/build_contexts/build_ctx_976188573/deps/mbedtls")
mbedtls: Prepared local dir: "/data/fwbuild-volumes/2.14.0/apps/i2c/esp8266/build_contexts/build_ctx_976188573/deps/mbedtls"
Handling lib "atca"...
atca: Checking out 2.14.0...
atca: Done, hash f27a1b85d87e373f8c10aadd7227af020d997aef
atca: Hash unchanged at f27a1b85d87e373f8c10aadd7227af020d997aef (dir "/data/fwbuild-volumes/2.14.0/apps/i2c/esp8266/build_contexts/build_ctx_976188573/deps/atca")
atca: Prepared local dir: "/data/fwbuild-volumes/2.14.0/apps/i2c/esp8266/build_contexts/build_ctx_976188573/deps/atca"
Handling lib "vfs-dev-part"...
Handling lib "vfs-fs-spiffs"...
vfs-dev-part: Checking out 2.14.0...
vfs-fs-spiffs: Checking out 2.14.0...
vfs-dev-part: Done, hash 94426df449f807e4268e1d1a3ee5146da85902da
vfs-fs-spiffs: Done, hash 6fef5f74fc5f8e07b6324759066c0e9d06653693
vfs-dev-part: Hash unchanged at 94426df449f807e4268e1d1a3ee5146da85902da (dir "/data/fwbuild-volumes/2.14.0/apps/i2c/esp8266/build_contexts/build_ctx_976188573/deps/vfs-dev-part")
vfs-dev-part: Prepared local dir: "/data/fwbuild-volumes/2.14.0/apps/i2c/esp8266/build_contexts/build_ctx_976188573/deps/vfs-dev-part"
vfs-fs-spiffs: Hash unchanged at 6fef5f74fc5f8e07b6324759066c0e9d06653693 (dir "/data/fwbuild-volumes/2.14.0/apps/i2c/esp8266/build_contexts/build_ctx_976188573/deps/vfs-fs-spiffs")
vfs-fs-spiffs: Prepared local dir: "/data/fwbuild-volumes/2.14.0/apps/i2c/esp8266/build_contexts/build_ctx_976188573/deps/vfs-fs-spiffs"
Handling lib "wifi"...
wifi: Checking out 2.14.0...
wifi: Done, hash 328e3d98c1c81163ecbda6cab18e53f1430b4f4e
wifi: Hash unchanged at 328e3d98c1c81163ecbda6cab18e53f1430b4f4e (dir "/data/fwbuild-volumes/2.14.0/apps/i2c/esp8266/build_contexts/build_ctx_976188573/deps/wifi")
wifi: Prepared local dir: "/data/fwbuild-volumes/2.14.0/apps/i2c/esp8266/build_contexts/build_ctx_976188573/deps/wifi"
The flag --repo is not given, going to use mongoose-os repository
mongoose-os: Checking out 2.14.0...
mongoose-os: Done, hash ce86552794fa9c7de45fd4d4897757ca893221fb
Prebuilt binary for "mbedtls" already exists at "/data/fwbuild-volumes/2.14.0/apps/i2c/esp8266/build_contexts/build_ctx_976188573/build/objs/libmbedtls-esp8266-2.14.0.a"
Prebuilt binary for "mongoose" already exists at "/data/fwbuild-volumes/2.14.0/apps/i2c/esp8266/build_contexts/build_ctx_976188573/build/objs/libmongoose-esp8266-2.14.0.a"
Sources: [/data/fwbuild-volumes/2.14.0/apps/i2c/esp8266/build_contexts/build_ctx_976188573/src/main.c /data/fwbuild-volumes/2.14.0/apps/i2c/esp8266/build_contexts/build_ctx_976188573/build/gen/mgos_deps_init.c /data/fwbuild-volumes/2.14.0/apps/i2c/esp8266/build_contexts/build_ctx_976188573/deps/i2c/src/mgos_i2c_master.c /data/fwbuild-volumes/2.14.0/apps/i2c/esp8266/build_contexts/build_ctx_976188573/deps/i2c/src/gpio/gpio_i2c_master.c /data/fwbuild-volumes/2.14.0/apps/i2c/esp8266/build_contexts/build_ctx_976188573/deps/atca/src/mgos_atca.c /data/fwbuild-volumes/2.14.0/apps/i2c/esp8266/build_contexts/build_ctx_976188573/deps/atca/cryptoauthlib/lib/atca_cfgs.c /data/fwbuild-volumes/2.14.0/apps/i2c/esp8266/build_contexts/build_ctx_976188573/deps/atca/cryptoauthlib/lib/atca_command.c /data/fwbuild-volumes/2.14.0/apps/i2c/esp8266/build_contexts/build_ctx_976188573/deps/atca/cryptoauthlib/lib/atca_device.c /data/fwbuild-volumes/2.14.0/apps/i2c/esp8266/build_contexts/build_ctx_976188573/deps/atca/cryptoauthlib/lib/atca_iface.c /data/fwbuild-volumes/2.14.0/apps/i2c/esp8266/build_contexts/build_ctx_976188573/deps/atca/cryptoauthlib/lib/basic/atca_basic.c /data/fwbuild-volumes/2.14.0/apps/i2c/esp8266/build_contexts/build_ctx_976188573/deps/atca/cryptoauthlib/lib/basic/atca_helpers.c /data/fwbuild-volumes/2.14.0/apps/i2c/esp8266/build_contexts/build_ctx_976188573/deps/atca/cryptoauthlib/lib/host/atca_host.c /data/fwbuild-volumes/2.14.0/apps/i2c/esp8266/build_contexts/build_ctx_976188573/deps/vfs-common/src/mgos_vfs.c /data/fwbuild-volumes/2.14.0/apps/i2c/esp8266/build_contexts/build_ctx_976188573/deps/vfs-common/src/mgos_vfs_dev.c /data/fwbuild-volumes/2.14.0/apps/i2c/esp8266/build_contexts/build_ctx_976188573/deps/vfs-common/src/mgos_vfs_internal.c /data/fwbuild-volumes/2.14.0/apps/i2c/esp8266/build_contexts/build_ctx_976188573/deps/vfs-common/src/esp8266/esp_flash_writer.c /data/fwbuild-volumes/2.14.0/apps/i2c/esp8266/build_contexts/build_ctx_976188573/deps/vfs-common/src/esp8266/esp_fs.c /data/fwbuild-volumes/2.14.0/apps/i2c/esp8266/build_contexts/build_ctx_976188573/deps/vfs-common/src/esp8266/esp_vfs_dev_sysflash.c /data/fwbuild-volumes/2.14.0/apps/i2c/esp8266/build_contexts/build_ctx_976188573/deps/vfs-dev-part/src/mgos_vfs_dev_part.c /data/fwbuild-volumes/2.14.0/apps/i2c/esp8266/build_contexts/build_ctx_976188573/deps/vfs-fs-spiffs/src/mgos_vfs_fs_spiffs.c /data/fwbuild-volumes/2.14.0/apps/i2c/esp8266/build_contexts/build_ctx_976188573/deps/vfs-fs-spiffs/src/spiffs/spiffs_cache.c /data/fwbuild-volumes/2.14.0/apps/i2c/esp8266/build_contexts/build_ctx_976188573/deps/vfs-fs-spiffs/src/spiffs/spiffs_check.c /data/fwbuild-volumes/2.14.0/apps/i2c/esp8266/build_contexts/build_ctx_976188573/deps/vfs-fs-spiffs/src/spiffs/spiffs_gc.c /data/fwbuild-volumes/2.14.0/apps/i2c/esp8266/build_contexts/build_ctx_976188573/deps/vfs-fs-spiffs/src/spiffs/spiffs_hydrogen.c /data/fwbuild-volumes/2.14.0/apps/i2c/esp8266/build_contexts/build_ctx_976188573/deps/vfs-fs-spiffs/src/spiffs/spiffs_nucleus.c /data/fwbuild-volumes/2.14.0/apps/i2c/esp8266/build_contexts/build_ctx_976188573/deps/core/src/mgos_core.c /data/fwbuild-volumes/2.14.0/apps/i2c/esp8266/build_contexts/build_ctx_976188573/deps/core/src/esp8266/esp_rboot.c /data/fwbuild-volumes/2.14.0/apps/i2c/esp8266/build_contexts/build_ctx_976188573/deps/mcp23xxx/src/mgos_mcp23xxx.c /data/fwbuild-volumes/2.14.0/apps/i2c/esp8266/build_contexts/build_ctx_976188573/deps/rpc-common/src/mg_rpc.c /data/fwbuild-volumes/2.14.0/apps/i2c/esp8266/build_contexts/build_ctx_976188573/deps/rpc-common/src/mg_rpc_channel.c /data/fwbuild-volumes/2.14.0/apps/i2c/esp8266/build_contexts/build_ctx_976188573/deps/rpc-common/src/mg_rpc_channel_http.c /data/fwbuild-volumes/2.14.0/apps/i2c/esp8266/build_contexts/build_ctx_976188573/deps/rpc-common/src/mgos_rpc.c /data/fwbuild-volumes/2.14.0/apps/i2c/esp8266/build_contexts/build_ctx_976188573/deps/rpc-service-config/src/mgos_service_config.c /data/fwbuild-volumes/2.14.0/apps/i2c/esp8266/build_contexts/build_ctx_976188573/deps/rpc-service-fs/src/mgos_service_filesystem.c /data/fwbuild-volumes/2.14.0/apps/i2c/esp8266/build_contexts/build_ctx_976188573/deps/rpc-uart/src/mgos_rpc_channel_uart.c /data/fwbuild-volumes/2.14.0/apps/i2c/esp8266/build_contexts/build_ctx_976188573/deps/wifi/src/mgos_wifi.c /data/fwbuild-volumes/2.14.0/apps/i2c/esp8266/build_contexts/build_ctx_976188573/deps/wifi/src/mjs_wifi.c /data/fwbuild-volumes/2.14.0/apps/i2c/esp8266/build_contexts/build_ctx_976188573/deps/wifi/src/esp8266/esp_wifi.c]
Include dirs: [/data/fwbuild-volumes/2.14.0/apps/i2c/esp8266/build_contexts/build_ctx_976188573/deps/i2c/include /data/fwbuild-volumes/2.14.0/apps/i2c/esp8266/build_contexts/build_ctx_976188573/deps/atca/include /data/fwbuild-volumes/2.14.0/apps/i2c/esp8266/build_contexts/build_ctx_976188573/deps/atca/cryptoauthlib/lib /data/fwbuild-volumes/2.14.0/apps/i2c/esp8266/build_contexts/build_ctx_976188573/deps/mbedtls/include /data/fwbuild-volumes/2.14.0/apps/i2c/esp8266/build_contexts/build_ctx_976188573/deps/mbedtls/include/esp8266 /data/fwbuild-volumes/2.14.0/apps/i2c/esp8266/build_contexts/build_ctx_976188573/deps/mbedtls/mbedtls/include /data/fwbuild-volumes/2.14.0/apps/i2c/esp8266/build_contexts/build_ctx_976188573/deps/vfs-common/include /data/fwbuild-volumes/2.14.0/apps/i2c/esp8266/build_contexts/build_ctx_976188573/deps/vfs-common/include/esp8266 /data/fwbuild-volumes/2.14.0/apps/i2c/esp8266/build_contexts/build_ctx_976188573/deps/mongoose/include /data/fwbuild-volumes/2.14.0/apps/i2c/esp8266/build_contexts/build_ctx_976188573/deps/vfs-dev-part/include /data/fwbuild-volumes/2.14.0/apps/i2c/esp8266/build_contexts/build_ctx_976188573/deps/vfs-fs-spiffs/include /data/fwbuild-volumes/2.14.0/apps/i2c/esp8266/build_contexts/build_ctx_976188573/deps/vfs-fs-spiffs/include/spiffs /data/fwbuild-volumes/2.14.0/apps/i2c/esp8266/build_contexts/build_ctx_976188573/deps/vfs-fs-spiffs/include/esp8266 /data/fwbuild-volumes/2.14.0/apps/i2c/esp8266/build_contexts/build_ctx_976188573/deps/core/include /data/fwbuild-volumes/2.14.0/apps/i2c/esp8266/build_contexts/build_ctx_976188573/deps/core/include/esp8266 /data/fwbuild-volumes/2.14.0/apps/i2c/esp8266/build_contexts/build_ctx_976188573/deps/mcp23xxx/include /data/fwbuild-volumes/2.14.0/apps/i2c/esp8266/build_contexts/build_ctx_976188573/deps/rpc-common/include /data/fwbuild-volumes/2.14.0/apps/i2c/esp8266/build_contexts/build_ctx_976188573/deps/rpc-service-config/include /data/fwbuild-volumes/2.14.0/apps/i2c/esp8266/build_contexts/build_ctx_976188573/deps/rpc-service-fs/include /data/fwbuild-volumes/2.14.0/apps/i2c/esp8266/build_contexts/build_ctx_976188573/deps/rpc-uart/include /data/fwbuild-volumes/2.14.0/apps/i2c/esp8266/build_contexts/build_ctx_976188573/deps/wifi/include /data/fwbuild-volumes/2.14.0/apps/i2c/esp8266/build_contexts/build_ctx_976188573/deps/wifi/include/esp8266]
Binary libs: [/data/fwbuild-volumes/2.14.0/apps/i2c/esp8266/build_contexts/build_ctx_976188573/build/objs/libmbedtls-esp8266-2.14.0.a /data/fwbuild-volumes/2.14.0/apps/i2c/esp8266/build_contexts/build_ctx_976188573/build/objs/libmongoose-esp8266-2.14.0.a]
Building...
mount from "/data/fwbuild-volumes/2.14.0/apps/i2c/esp8266/build_contexts/build_ctx_976188573" to "/app"
mount from "/data/fwbuild-volumes/2.14.0/apps/i2c/esp8266/build_contexts/build_ctx_976188573/deps/modules/mongoose-os" to "/mongoose-os"
mount from "/data/fwbuild-volumes/2.14.0/apps/i2c/esp8266/build_contexts/build_ctx_976188573/deps/modules/mongoose-os" to "/data/fwbuild-volumes/2.14.0/apps/i2c/esp8266/build_contexts/build_ctx_976188573/deps/modules/mongoose-os"
mount from "/data/fwbuild-volumes/2.14.0/apps/i2c/esp8266/build_contexts/build_ctx_976188573/build" to "/data/fwbuild-volumes/2.14.0/apps/i2c/esp8266/build_contexts/build_ctx_976188573/build"
mount from "/data/fwbuild-volumes/2.14.0/apps/i2c/esp8266/build_contexts/build_ctx_976188573/src" to "/data/fwbuild-volumes/2.14.0/apps/i2c/esp8266/build_contexts/build_ctx_976188573/src"
mount from "/data/fwbuild-volumes/2.14.0/apps/i2c/esp8266/build_contexts/build_ctx_976188573/build/gen" to "/data/fwbuild-volumes/2.14.0/apps/i2c/esp8266/build_contexts/build_ctx_976188573/build/gen"
mount from "/data/fwbuild-volumes/2.14.0/apps/i2c/esp8266/build_contexts/build_ctx_976188573/deps/i2c/src" to "/data/fwbuild-volumes/2.14.0/apps/i2c/esp8266/build_contexts/build_ctx_976188573/deps/i2c/src"
mount from "/data/fwbuild-volumes/2.14.0/apps/i2c/esp8266/build_contexts/build_ctx_976188573/deps/i2c/src/gpio" to "/data/fwbuild-volumes/2.14.0/apps/i2c/esp8266/build_contexts/build_ctx_976188573/deps/i2c/src/gpio"
mount from "/data/fwbuild-volumes/2.14.0/apps/i2c/esp8266/build_contexts/build_ctx_976188573/deps/atca/src" to "/data/fwbuild-volumes/2.14.0/apps/i2c/esp8266/build_contexts/build_ctx_976188573/deps/atca/src"
mount from "/data/fwbuild-volumes/2.14.0/apps/i2c/esp8266/build_contexts/build_ctx_976188573/deps/atca/cryptoauthlib/lib" to "/data/fwbuild-volumes/2.14.0/apps/i2c/esp8266/build_contexts/build_ctx_976188573/deps/atca/cryptoauthlib/lib"
mount from "/data/fwbuild-volumes/2.14.0/apps/i2c/esp8266/build_contexts/build_ctx_976188573/deps/atca/cryptoauthlib/lib/basic" to "/data/fwbuild-volumes/2.14.0/apps/i2c/esp8266/build_contexts/build_ctx_976188573/deps/atca/cryptoauthlib/lib/basic"
mount from "/data/fwbuild-volumes/2.14.0/apps/i2c/esp8266/build_contexts/build_ctx_976188573/deps/atca/cryptoauthlib/lib/crypto" to "/data/fwbuild-volumes/2.14.0/apps/i2c/esp8266/build_contexts/build_ctx_976188573/deps/atca/cryptoauthlib/lib/crypto"
mount from "/data/fwbuild-volumes/2.14.0/apps/i2c/esp8266/build_contexts/build_ctx_976188573/deps/atca/cryptoauthlib/lib/hal" to "/data/fwbuild-volumes/2.14.0/apps/i2c/esp8266/build_contexts/build_ctx_976188573/deps/atca/cryptoauthlib/lib/hal"
mount from "/data/fwbuild-volumes/2.14.0/apps/i2c/esp8266/build_contexts/build_ctx_976188573/deps/atca/cryptoauthlib/lib/host" to "/data/fwbuild-volumes/2.14.0/apps/i2c/esp8266/build_contexts/build_ctx_976188573/deps/atca/cryptoauthlib/lib/host"
mount from "/data/fwbuild-volumes/2.14.0/apps/i2c/esp8266/build_contexts/build_ctx_976188573/deps/vfs-common/src" to "/data/fwbuild-volumes/2.14.0/apps/i2c/esp8266/build_contexts/build_ctx_976188573/deps/vfs-common/src"
mount from "/data/fwbuild-volumes/2.14.0/apps/i2c/esp8266/build_contexts/build_ctx_976188573/deps/vfs-common/src/esp8266" to "/data/fwbuild-volumes/2.14.0/apps/i2c/esp8266/build_contexts/build_ctx_976188573/deps/vfs-common/src/esp8266"
mount from "/data/fwbuild-volumes/2.14.0/apps/i2c/esp8266/build_contexts/build_ctx_976188573/deps/vfs-dev-part/src" to "/data/fwbuild-volumes/2.14.0/apps/i2c/esp8266/build_contexts/build_ctx_976188573/deps/vfs-dev-part/src"
mount from "/data/fwbuild-volumes/2.14.0/apps/i2c/esp8266/build_contexts/build_ctx_976188573/deps/vfs-fs-spiffs/src" to "/data/fwbuild-volumes/2.14.0/apps/i2c/esp8266/build_contexts/build_ctx_976188573/deps/vfs-fs-spiffs/src"
mount from "/data/fwbuild-volumes/2.14.0/apps/i2c/esp8266/build_contexts/build_ctx_976188573/deps/vfs-fs-spiffs/src/spiffs" to "/data/fwbuild-volumes/2.14.0/apps/i2c/esp8266/build_contexts/build_ctx_976188573/deps/vfs-fs-spiffs/src/spiffs"
mount from "/data/fwbuild-volumes/2.14.0/apps/i2c/esp8266/build_contexts/build_ctx_976188573/deps/core/src" to "/data/fwbuild-volumes/2.14.0/apps/i2c/esp8266/build_contexts/build_ctx_976188573/deps/core/src"
mount from "/data/fwbuild-volumes/2.14.0/apps/i2c/esp8266/build_contexts/build_ctx_976188573/deps/core/src/esp8266" to "/data/fwbuild-volumes/2.14.0/apps/i2c/esp8266/build_contexts/build_ctx_976188573/deps/core/src/esp8266"
mount from "/data/fwbuild-volumes/2.14.0/apps/i2c/esp8266/build_contexts/build_ctx_976188573/deps/mcp23xxx/src" to "/data/fwbuild-volumes/2.14.0/apps/i2c/esp8266/build_contexts/build_ctx_976188573/deps/mcp23xxx/src"
mount from "/data/fwbuild-volumes/2.14.0/apps/i2c/esp8266/build_contexts/build_ctx_976188573/deps/rpc-common/src" to "/data/fwbuild-volumes/2.14.0/apps/i2c/esp8266/build_contexts/build_ctx_976188573/deps/rpc-common/src"
mount from "/data/fwbuild-volumes/2.14.0/apps/i2c/esp8266/build_contexts/build_ctx_976188573/deps/rpc-service-config/src" to "/data/fwbuild-volumes/2.14.0/apps/i2c/esp8266/build_contexts/build_ctx_976188573/deps/rpc-service-config/src"
mount from "/data/fwbuild-volumes/2.14.0/apps/i2c/esp8266/build_contexts/build_ctx_976188573/deps/rpc-service-fs/src" to "/data/fwbuild-volumes/2.14.0/apps/i2c/esp8266/build_contexts/build_ctx_976188573/deps/rpc-service-fs/src"
mount from "/data/fwbuild-volumes/2.14.0/apps/i2c/esp8266/build_contexts/build_ctx_976188573/deps/rpc-uart/src" to "/data/fwbuild-volumes/2.14.0/apps/i2c/esp8266/build_contexts/build_ctx_976188573/deps/rpc-uart/src"
mount from "/data/fwbuild-volumes/2.14.0/apps/i2c/esp8266/build_contexts/build_ctx_976188573/deps/wifi/src" to "/data/fwbuild-volumes/2.14.0/apps/i2c/esp8266/build_contexts/build_ctx_976188573/deps/wifi/src"
mount from "/data/fwbuild-volumes/2.14.0/apps/i2c/esp8266/build_contexts/build_ctx_976188573/deps/wifi/src/esp8266" to "/data/fwbuild-volumes/2.14.0/apps/i2c/esp8266/build_contexts/build_ctx_976188573/deps/wifi/src/esp8266"
mount from "/data/fwbuild-volumes/2.14.0/apps/i2c/esp8266/build_contexts/build_ctx_976188573/deps/i2c/include" to "/data/fwbuild-volumes/2.14.0/apps/i2c/esp8266/build_contexts/build_ctx_976188573/deps/i2c/include"
mount from "/data/fwbuild-volumes/2.14.0/apps/i2c/esp8266/build_contexts/build_ctx_976188573/deps/atca/include" to "/data/fwbuild-volumes/2.14.0/apps/i2c/esp8266/build_contexts/build_ctx_976188573/deps/atca/include"
mount from "/data/fwbuild-volumes/2.14.0/apps/i2c/esp8266/build_contexts/build_ctx_976188573/deps/atca/cryptoauthlib/lib" to "/data/fwbuild-volumes/2.14.0/apps/i2c/esp8266/build_contexts/build_ctx_976188573/deps/atca/cryptoauthlib/lib"
mount from "/data/fwbuild-volumes/2.14.0/apps/i2c/esp8266/build_contexts/build_ctx_976188573/deps/mbedtls/include" to "/data/fwbuild-volumes/2.14.0/apps/i2c/esp8266/build_contexts/build_ctx_976188573/deps/mbedtls/include"
mount from "/data/fwbuild-volumes/2.14.0/apps/i2c/esp8266/build_contexts/build_ctx_976188573/deps/mbedtls/include/esp8266" to "/data/fwbuild-volumes/2.14.0/apps/i2c/esp8266/build_contexts/build_ctx_976188573/deps/mbedtls/include/esp8266"
mount from "/data/fwbuild-volumes/2.14.0/apps/i2c/esp8266/build_contexts/build_ctx_976188573/deps/mbedtls/mbedtls/include" to "/data/fwbuild-volumes/2.14.0/apps/i2c/esp8266/build_contexts/build_ctx_976188573/deps/mbedtls/mbedtls/include"
mount from "/data/fwbuild-volumes/2.14.0/apps/i2c/esp8266/build_contexts/build_ctx_976188573/deps/vfs-common/include" to "/data/fwbuild-volumes/2.14.0/apps/i2c/esp8266/build_contexts/build_ctx_976188573/deps/vfs-common/include"
mount from "/data/fwbuild-volumes/2.14.0/apps/i2c/esp8266/build_contexts/build_ctx_976188573/deps/vfs-common/include/esp8266" to "/data/fwbuild-volumes/2.14.0/apps/i2c/esp8266/build_contexts/build_ctx_976188573/deps/vfs-common/include/esp8266"
mount from "/data/fwbuild-volumes/2.14.0/apps/i2c/esp8266/build_contexts/build_ctx_976188573/deps/mongoose/include" to "/data/fwbuild-volumes/2.14.0/apps/i2c/esp8266/build_contexts/build_ctx_976188573/deps/mongoose/include"
mount from "/data/fwbuild-volumes/2.14.0/apps/i2c/esp8266/build_contexts/build_ctx_976188573/deps/vfs-dev-part/include" to "/data/fwbuild-volumes/2.14.0/apps/i2c/esp8266/build_contexts/build_ctx_976188573/deps/vfs-dev-part/include"
mount from "/data/fwbuild-volumes/2.14.0/apps/i2c/esp8266/build_contexts/build_ctx_976188573/deps/vfs-fs-spiffs/include" to "/data/fwbuild-volumes/2.14.0/apps/i2c/esp8266/build_contexts/build_ctx_976188573/deps/vfs-fs-spiffs/include"
mount from "/data/fwbuild-volumes/2.14.0/apps/i2c/esp8266/build_contexts/build_ctx_976188573/deps/vfs-fs-spiffs/include/spiffs" to "/data/fwbuild-volumes/2.14.0/apps/i2c/esp8266/build_contexts/build_ctx_976188573/deps/vfs-fs-spiffs/include/spiffs"
mount from "/data/fwbuild-volumes/2.14.0/apps/i2c/esp8266/build_contexts/build_ctx_976188573/deps/vfs-fs-spiffs/include/esp8266" to "/data/fwbuild-volumes/2.14.0/apps/i2c/esp8266/build_contexts/build_ctx_976188573/deps/vfs-fs-spiffs/include/esp8266"
mount from "/data/fwbuild-volumes/2.14.0/apps/i2c/esp8266/build_contexts/build_ctx_976188573/deps/core/include" to "/data/fwbuild-volumes/2.14.0/apps/i2c/esp8266/build_contexts/build_ctx_976188573/deps/core/include"
mount from "/data/fwbuild-volumes/2.14.0/apps/i2c/esp8266/build_contexts/build_ctx_976188573/deps/core/include/esp8266" to "/data/fwbuild-volumes/2.14.0/apps/i2c/esp8266/build_contexts/build_ctx_976188573/deps/core/include/esp8266"
mount from "/data/fwbuild-volumes/2.14.0/apps/i2c/esp8266/build_contexts/build_ctx_976188573/deps/mcp23xxx/include" to "/data/fwbuild-volumes/2.14.0/apps/i2c/esp8266/build_contexts/build_ctx_976188573/deps/mcp23xxx/include"
mount from "/data/fwbuild-volumes/2.14.0/apps/i2c/esp8266/build_contexts/build_ctx_976188573/deps/rpc-common/include" to "/data/fwbuild-volumes/2.14.0/apps/i2c/esp8266/build_contexts/build_ctx_976188573/deps/rpc-common/include"
mount from "/data/fwbuild-volumes/2.14.0/apps/i2c/esp8266/build_contexts/build_ctx_976188573/deps/rpc-service-config/include" to "/data/fwbuild-volumes/2.14.0/apps/i2c/esp8266/build_contexts/build_ctx_976188573/deps/rpc-service-config/include"
mount from "/data/fwbuild-volumes/2.14.0/apps/i2c/esp8266/build_contexts/build_ctx_976188573/deps/rpc-service-fs/include" to "/data/fwbuild-volumes/2.14.0/apps/i2c/esp8266/build_contexts/build_ctx_976188573/deps/rpc-service-fs/include"
mount from "/data/fwbuild-volumes/2.14.0/apps/i2c/esp8266/build_contexts/build_ctx_976188573/deps/rpc-uart/include" to "/data/fwbuild-volumes/2.14.0/apps/i2c/esp8266/build_contexts/build_ctx_976188573/deps/rpc-uart/include"
mount from "/data/fwbuild-volumes/2.14.0/apps/i2c/esp8266/build_contexts/build_ctx_976188573/deps/wifi/include" to "/data/fwbuild-volumes/2.14.0/apps/i2c/esp8266/build_contexts/build_ctx_976188573/deps/wifi/include"
mount from "/data/fwbuild-volumes/2.14.0/apps/i2c/esp8266/build_contexts/build_ctx_976188573/deps/ca-bundle/fs" to "/data/fwbuild-volumes/2.14.0/apps/i2c/esp8266/build_contexts/build_ctx_976188573/deps/ca-bundle/fs"
mount from "/data/fwbuild-volumes/2.14.0/apps/i2c/esp8266/build_contexts/build_ctx_976188573/fs" to "/data/fwbuild-volumes/2.14.0/apps/i2c/esp8266/build_contexts/build_ctx_976188573/fs"
mount from "/data/fwbuild-volumes/2.14.0/apps/i2c/esp8266/build_contexts/build_ctx_976188573/build/objs" to "/data/fwbuild-volumes/2.14.0/apps/i2c/esp8266/build_contexts/build_ctx_976188573/build/objs"
mount from "/data/fwbuild-volumes/2.14.0/apps/i2c/esp8266/build_contexts/build_ctx_976188573/build/objs" to "/data/fwbuild-volumes/2.14.0/apps/i2c/esp8266/build_contexts/build_ctx_976188573/build/objs"
mount from "/data/fwbuild-volumes/2.14.0/apps/i2c/esp8266/build_contexts/build_ctx_976188573/build/gen" to "/data/fwbuild-volumes/2.14.0/apps/i2c/esp8266/build_contexts/build_ctx_976188573/build/gen"
Docker arguments: run --name mos_build_2019-06-14T19-44-46-00_8955268751170005175 --rm -i -v /data/fwbuild-volumes/2.14.0/apps/i2c/esp8266/build_contexts/build_ctx_976188573/deps/atca/cryptoauthlib/lib/host:/data/fwbuild-volumes/2.14.0/apps/i2c/esp8266/build_contexts/build_ctx_976188573/deps/atca/cryptoauthlib/lib/host -v /data/fwbuild-volumes/2.14.0/apps/i2c/esp8266/build_contexts/build_ctx_976188573/deps/mongoose/include:/data/fwbuild-volumes/2.14.0/apps/i2c/esp8266/build_contexts/build_ctx_976188573/deps/mongoose/include -v /data/fwbuild-volumes/2.14.0/apps/i2c/esp8266/build_contexts/build_ctx_976188573/deps/core/include:/data/fwbuild-volumes/2.14.0/apps/i2c/esp8266/build_contexts/build_ctx_976188573/deps/core/include -v /data/fwbuild-volumes/2.14.0/apps/i2c/esp8266/build_contexts/build_ctx_976188573/deps/vfs-dev-part/src:/data/fwbuild-volumes/2.14.0/apps/i2c/esp8266/build_contexts/build_ctx_976188573/deps/vfs-dev-part/src -v /data/fwbuild-volumes/2.14.0/apps/i2c/esp8266/build_contexts/build_ctx_976188573/deps/core/src/esp8266:/data/fwbuild-volumes/2.14.0/apps/i2c/esp8266/build_contexts/build_ctx_976188573/deps/core/src/esp8266 -v /data/fwbuild-volumes/2.14.0/apps/i2c/esp8266/build_contexts/build_ctx_976188573/deps/mcp23xxx/src:/data/fwbuild-volumes/2.14.0/apps/i2c/esp8266/build_contexts/build_ctx_976188573/deps/mcp23xxx/src -v /data/fwbuild-volumes/2.14.0/apps/i2c/esp8266/build_contexts/build_ctx_976188573/deps/rpc-service-config/src:/data/fwbuild-volumes/2.14.0/apps/i2c/esp8266/build_contexts/build_ctx_976188573/deps/rpc-service-config/src -v /data/fwbuild-volumes/2.14.0/apps/i2c/esp8266/build_contexts/build_ctx_976188573/deps/atca/include:/data/fwbuild-volumes/2.14.0/apps/i2c/esp8266/build_contexts/build_ctx_976188573/deps/atca/include -v /data/fwbuild-volumes/2.14.0/apps/i2c/esp8266/build_contexts/build_ctx_976188573/deps/mbedtls/include:/data/fwbuild-volumes/2.14.0/apps/i2c/esp8266/build_contexts/build_ctx_976188573/deps/mbedtls/include -v /data/fwbuild-volumes/2.14.0/apps/i2c/esp8266/build_contexts/build_ctx_976188573:/app -v /data/fwbuild-volumes/2.14.0/apps/i2c/esp8266/build_contexts/build_ctx_976188573/deps/atca/cryptoauthlib/lib:/data/fwbuild-volumes/2.14.0/apps/i2c/esp8266/build_contexts/build_ctx_976188573/deps/atca/cryptoauthlib/lib -v /data/fwbuild-volumes/2.14.0/apps/i2c/esp8266/build_contexts/build_ctx_976188573/deps/atca/cryptoauthlib/lib/hal:/data/fwbuild-volumes/2.14.0/apps/i2c/esp8266/build_contexts/build_ctx_976188573/deps/atca/cryptoauthlib/lib/hal -v /data/fwbuild-volumes/2.14.0/apps/i2c/esp8266/build_contexts/build_ctx_976188573/deps/rpc-common/src:/data/fwbuild-volumes/2.14.0/apps/i2c/esp8266/build_contexts/build_ctx_976188573/deps/rpc-common/src -v /data/fwbuild-volumes/2.14.0/apps/i2c/esp8266/build_contexts/build_ctx_976188573/deps/rpc-service-fs/src:/data/fwbuild-volumes/2.14.0/apps/i2c/esp8266/build_contexts/build_ctx_976188573/deps/rpc-service-fs/src -v /data/fwbuild-volumes/2.14.0/apps/i2c/esp8266/build_contexts/build_ctx_976188573/fs:/data/fwbuild-volumes/2.14.0/apps/i2c/esp8266/build_contexts/build_ctx_976188573/fs -v /data/fwbuild-volumes/2.14.0/apps/i2c/esp8266/build_contexts/build_ctx_976188573/deps/vfs-fs-spiffs/include/spiffs:/data/fwbuild-volumes/2.14.0/apps/i2c/esp8266/build_contexts/build_ctx_976188573/deps/vfs-fs-spiffs/include/spiffs -v /data/fwbuild-volumes/2.14.0/apps/i2c/esp8266/build_contexts/build_ctx_976188573/build/objs:/data/fwbuild-volumes/2.14.0/apps/i2c/esp8266/build_contexts/build_ctx_976188573/build/objs -v /data/fwbuild-volumes/2.14.0/apps/i2c/esp8266/build_contexts/build_ctx_976188573/deps/i2c/src/gpio:/data/fwbuild-volumes/2.14.0/apps/i2c/esp8266/build_contexts/build_ctx_976188573/deps/i2c/src/gpio -v /data/fwbuild-volumes/2.14.0/apps/i2c/esp8266/build_contexts/build_ctx_976188573/deps/atca/cryptoauthlib/lib/crypto:/data/fwbuild-volumes/2.14.0/apps/i2c/esp8266/build_contexts/build_ctx_976188573/deps/atca/cryptoauthlib/lib/crypto -v /data/fwbuild-volumes/2.14.0/apps/i2c/esp8266/build_contexts/build_ctx_976188573/deps/vfs-common/src/esp8266:/data/fwbuild-volumes/2.14.0/apps/i2c/esp8266/build_contexts/build_ctx_976188573/deps/vfs-common/src/esp8266 -v /data/fwbuild-volumes/2.14.0/apps/i2c/esp8266/build_contexts/build_ctx_976188573/deps/i2c/include:/data/fwbuild-volumes/2.14.0/apps/i2c/esp8266/build_contexts/build_ctx_976188573/deps/i2c/include -v /data/fwbuild-volumes/2.14.0/apps/i2c/esp8266/build_contexts/build_ctx_976188573/deps/mbedtls/include/esp8266:/data/fwbuild-volumes/2.14.0/apps/i2c/esp8266/build_contexts/build_ctx_976188573/deps/mbedtls/include/esp8266 -v /data/fwbuild-volumes/2.14.0/apps/i2c/esp8266/build_contexts/build_ctx_976188573/deps/mbedtls/mbedtls/include:/data/fwbuild-volumes/2.14.0/apps/i2c/esp8266/build_contexts/build_ctx_976188573/deps/mbedtls/mbedtls/include -v /data/fwbuild-volumes/2.14.0/apps/i2c/esp8266/build_contexts/build_ctx_976188573/deps/core/include/esp8266:/data/fwbuild-volumes/2.14.0/apps/i2c/esp8266/build_contexts/build_ctx_976188573/deps/core/include/esp8266 -v /data/fwbuild-volumes/2.14.0/apps/i2c/esp8266/build_contexts/build_ctx_976188573/deps/rpc-service-config/include:/data/fwbuild-volumes/2.14.0/apps/i2c/esp8266/build_contexts/build_ctx_976188573/deps/rpc-service-config/include -v /data/fwbuild-volumes/2.14.0/apps/i2c/esp8266/build_contexts/build_ctx_976188573/deps/modules/mongoose-os:/mongoose-os -v /data/fwbuild-volumes/2.14.0/apps/i2c/esp8266/build_contexts/build_ctx_976188573/deps/vfs-common/src:/data/fwbuild-volumes/2.14.0/apps/i2c/esp8266/build_contexts/build_ctx_976188573/deps/vfs-common/src -v /data/fwbuild-volumes/2.14.0/apps/i2c/esp8266/build_contexts/build_ctx_976188573/deps/core/src:/data/fwbuild-volumes/2.14.0/apps/i2c/esp8266/build_contexts/build_ctx_976188573/deps/core/src -v /data/fwbuild-volumes/2.14.0/apps/i2c/esp8266/build_contexts/build_ctx_976188573/deps/wifi/src/esp8266:/data/fwbuild-volumes/2.14.0/apps/i2c/esp8266/build_contexts/build_ctx_976188573/deps/wifi/src/esp8266 -v /data/fwbuild-volumes/2.14.0/apps/i2c/esp8266/build_contexts/build_ctx_976188573/deps/vfs-common/include/esp8266:/data/fwbuild-volumes/2.14.0/apps/i2c/esp8266/build_contexts/build_ctx_976188573/deps/vfs-common/include/esp8266 -v /data/fwbuild-volumes/2.14.0/apps/i2c/esp8266/build_contexts/build_ctx_976188573/deps/vfs-fs-spiffs/include:/data/fwbuild-volumes/2.14.0/apps/i2c/esp8266/build_contexts/build_ctx_976188573/deps/vfs-fs-spiffs/include -v /data/fwbuild-volumes/2.14.0/apps/i2c/esp8266/build_contexts/build_ctx_976188573/deps/rpc-service-fs/include:/data/fwbuild-volumes/2.14.0/apps/i2c/esp8266/build_contexts/build_ctx_976188573/deps/rpc-service-fs/include -v /data/fwbuild-volumes/2.14.0/apps/i2c/esp8266/build_contexts/build_ctx_976188573/deps/ca-bundle/fs:/data/fwbuild-volumes/2.14.0/apps/i2c/esp8266/build_contexts/build_ctx_976188573/deps/ca-bundle/fs -v /data/fwbuild-volumes/2.14.0/apps/i2c/esp8266/build_contexts/build_ctx_976188573/deps/vfs-dev-part/include:/data/fwbuild-volumes/2.14.0/apps/i2c/esp8266/build_contexts/build_ctx_976188573/deps/vfs-dev-part/include -v /data/fwbuild-volumes/2.14.0/apps/i2c/esp8266/build_contexts/build_ctx_976188573/deps/rpc-common/include:/data/fwbuild-volumes/2.14.0/apps/i2c/esp8266/build_contexts/build_ctx_976188573/deps/rpc-common/include -v /data/fwbuild-volumes/2.14.0/apps/i2c/esp8266/build_contexts/build_ctx_976188573/deps/modules/mongoose-os:/data/fwbuild-volumes/2.14.0/apps/i2c/esp8266/build_contexts/build_ctx_976188573/deps/modules/mongoose-os -v /data/fwbuild-volumes/2.14.0/apps/i2c/esp8266/build_contexts/build_ctx_976188573/build:/data/fwbuild-volumes/2.14.0/apps/i2c/esp8266/build_contexts/build_ctx_976188573/build -v /data/fwbuild-volumes/2.14.0/apps/i2c/esp8266/build_contexts/build_ctx_976188573/build/gen:/data/fwbuild-volumes/2.14.0/apps/i2c/esp8266/build_contexts/build_ctx_976188573/build/gen -v /data/fwbuild-volumes/2.14.0/apps/i2c/esp8266/build_contexts/build_ctx_976188573/deps/i2c/src:/data/fwbuild-volumes/2.14.0/apps/i2c/esp8266/build_contexts/build_ctx_976188573/deps/i2c/src -v /data/fwbuild-volumes/2.14.0/apps/i2c/esp8266/build_contexts/build_ctx_976188573/deps/vfs-fs-spiffs/src/spiffs:/data/fwbuild-volumes/2.14.0/apps/i2c/esp8266/build_contexts/build_ctx_976188573/deps/vfs-fs-spiffs/src/spiffs -v /data/fwbuild-volumes/2.14.0/apps/i2c/esp8266/build_contexts/build_ctx_976188573/deps/vfs-common/include:/data/fwbuild-volumes/2.14.0/apps/i2c/esp8266/build_contexts/build_ctx_976188573/deps/vfs-common/include -v /data/fwbuild-volumes/2.14.0/apps/i2c/esp8266/build_contexts/build_ctx_976188573/deps/wifi/include:/data/fwbuild-volumes/2.14.0/apps/i2c/esp8266/build_contexts/build_ctx_976188573/deps/wifi/include -v /data/fwbuild-volumes/2.14.0/apps/i2c/esp8266/build_contexts/build_ctx_976188573/src:/data/fwbuild-volumes/2.14.0/apps/i2c/esp8266/build_contexts/build_ctx_976188573/src -v /data/fwbuild-volumes/2.14.0/apps/i2c/esp8266/build_contexts/build_ctx_976188573/deps/wifi/src:/data/fwbuild-volumes/2.14.0/apps/i2c/esp8266/build_contexts/build_ctx_976188573/deps/wifi/src -v /data/fwbuild-volumes/2.14.0/apps/i2c/esp8266/build_contexts/build_ctx_976188573/deps/mcp23xxx/include:/data/fwbuild-volumes/2.14.0/apps/i2c/esp8266/build_contexts/build_ctx_976188573/deps/mcp23xxx/include -v /data/fwbuild-volumes/2.14.0/apps/i2c/esp8266/build_contexts/build_ctx_976188573/deps/rpc-uart/include:/data/fwbuild-volumes/2.14.0/apps/i2c/esp8266/build_contexts/build_ctx_976188573/deps/rpc-uart/include -v /data/fwbuild-volumes/2.14.0/apps/i2c/esp8266/build_contexts/build_ctx_976188573/deps/atca/src:/data/fwbuild-volumes/2.14.0/apps/i2c/esp8266/build_contexts/build_ctx_976188573/deps/atca/src -v /data/fwbuild-volumes/2.14.0/apps/i2c/esp8266/build_contexts/build_ctx_976188573/deps/atca/cryptoauthlib/lib/basic:/data/fwbuild-volumes/2.14.0/apps/i2c/esp8266/build_contexts/build_ctx_976188573/deps/atca/cryptoauthlib/lib/basic -v /data/fwbuild-volumes/2.14.0/apps/i2c/esp8266/build_contexts/build_ctx_976188573/deps/vfs-fs-spiffs/src:/data/fwbuild-volumes/2.14.0/apps/i2c/esp8266/build_contexts/build_ctx_976188573/deps/vfs-fs-spiffs/src -v /data/fwbuild-volumes/2.14.0/apps/i2c/esp8266/build_contexts/build_ctx_976188573/deps/rpc-uart/src:/data/fwbuild-volumes/2.14.0/apps/i2c/esp8266/build_contexts/build_ctx_976188573/deps/rpc-uart/src -v /data/fwbuild-volumes/2.14.0/apps/i2c/esp8266/build_contexts/build_ctx_976188573/deps/vfs-fs-spiffs/include/esp8266:/data/fwbuild-volumes/2.14.0/apps/i2c/esp8266/build_contexts/build_ctx_976188573/deps/vfs-fs-spiffs/include/esp8266 --user 0:0 docker.io/mgos/esp8266-build:2.2.1-1.5.0-r5 /bin/bash -c nice make '-j' '8' '-C' '/app' '-f' '/data/fwbuild-volumes/2.14.0/apps/i2c/esp8266/build_contexts/build_ctx_976188573/deps/modules/mongoose-os/platforms/esp8266/Makefile.build' 'all' 'MGOS_VARS_FILE=/data/fwbuild-volumes/2.14.0/apps/i2c/esp8266/build_contexts/build_ctx_976188573/build/gen/vars.mk'
make: Entering directory '/app'
  CC    /data/fwbuild-volumes/2.14.0/apps/i2c/esp8266/build_contexts/build_ctx_976188573/src/main.c
  GEN   /data/fwbuild-volumes/2.14.0/apps/i2c/esp8266/build_contexts/build_ctx_976188573/build/gen/build_info.c
fatal: not a git repository (or any parent up to mount point /)
Stopping at filesystem boundary (GIT_DISCOVERY_ACROSS_FILESYSTEM not set).
  CC    /data/fwbuild-volumes/2.14.0/apps/i2c/esp8266/build_contexts/build_ctx_976188573/build/gen/build_info.c
  LD    /data/fwbuild-volumes/2.14.0/apps/i2c/esp8266/build_contexts/build_ctx_976188573/build/objs/i2c.elf
  FW    /data/fwbuild-volumes/2.14.0/apps/i2c/esp8266/build_contexts/build_ctx_976188573/build/objs/i2c.elf -> /data/fwbuild-volumes/2.14.0/apps/i2c/esp8266/build_contexts/build_ctx_976188573/build/objs/i2c.bin
  GEN    /data/fwbuild-volumes/2.14.0/apps/i2c/esp8266/build_contexts/build_ctx_976188573/build/objs/fw_temp/manifest.json
  ZIP    /data/fwbuild-volumes/2.14.0/apps/i2c/esp8266/build_contexts/build_ctx_976188573/build/fw/i2c-esp8266-last.zip
     Adding /data/fwbuild-volumes/2.14.0/apps/i2c/esp8266/build_contexts/build_ctx_976188573/build/objs/fw_temp/esp_init_data_default_v08.bin
     Adding /data/fwbuild-volumes/2.14.0/apps/i2c/esp8266/build_contexts/build_ctx_976188573/build/objs/fw_temp/fs.bin
     Adding /data/fwbuild-volumes/2.14.0/apps/i2c/esp8266/build_contexts/build_ctx_976188573/build/objs/fw_temp/i2c.bin
     Adding /data/fwbuild-volumes/2.14.0/apps/i2c/esp8266/build_contexts/build_ctx_976188573/build/objs/fw_temp/rboot.bin
  Built i2c/esp8266 version 1.0 (20190614-194448)
make: Leaving directory '/app'
Success, built i2c/esp8266 version 1.0 (20190614-194448).
Firmware saved to /data/fwbuild-volumes/2.14.0/apps/i2c/esp8266/build_contexts/build_ctx_976188573/build/fw.zip
